Mon Mar 07 11:27:23 CET 2022
MaxEnt version 3.4.4
Reading file Back_swd.csv
readGrid: max memory 477626368, total allocated 247463936, free 229260160, used 18203776, increment 18203776
Reading samples from Sp_swd.csv
Read samples: max memory 477626368, total allocated 247463936, free 224059184, used 23404752, increment 5200976
Making features
makeFeatures: max memory 477626368, total allocated 247463936, free 218858224, used 28605712, increment 5200960
Command line used:  environmentallayers=BankVole/models/BankVoleFirstModeling/m_23463903/Back_swd.csv samplesfile=BankVole/models/BankVoleFirstModeling/m_23463903/Sp_swd.csv projectionlayers=BankVole/models/BankVoleFirstModeling/m_23463903/Predictions/Pred_swd.csv outputdirectory=BankVole/models/BankVoleFirstModeling/BankVole_AllData_RUN3_MAXENT.Phillips_outputs outputformat=logistic redoifexists visible=FALSE linear=TRUE quadratic=TRUE product=TRUE threshold=TRUE hinge=TRUE lq2lqptthreshold=80 l2lqthreshold=10 hingethreshold=15 beta_threshold=-1 beta_categorical=-1 beta_lqp=-1 beta_hinge=-1 betamultiplier=1 defaultprevalence=0.5 autorun nowarnings notooltips noaddsamplestobackground
Command line to repeat: java density.MaxEnt nowarnings noprefixes outputformat=logistic outputdirectory=BankVole/models/BankVoleFirstModeling/BankVole_AllData_RUN3_MAXENT.Phillips_outputs projectionlayers=BankVole/models/BankVoleFirstModeling/m_23463903/Predictions/Pred_swd.csv samplesfile=BankVole/models/BankVoleFirstModeling/m_23463903/Sp_swd.csv environmentallayers=BankVole/models/BankVoleFirstModeling/m_23463903/Back_swd.csv nowarnings notooltips noaskoverwrite threshold noaddsamplestobackground autorun novisible
Species: BankVole_AllData_RUN3
Layers: builtup_aggregated wc2.1_2.5m_bio_1 wc2.1_2.5m_bio_18 wc2.1_2.5m_bio_7
Layertypes: Continuous Continuous Continuous Continuous
outputformat: logistic
outputdirectory: BankVole/models/BankVoleFirstModeling/BankVole_AllData_RUN3_MAXENT.Phillips_outputs
projectionlayers: BankVole/models/BankVoleFirstModeling/m_23463903/Predictions/Pred_swd.csv
samplesfile: BankVole/models/BankVoleFirstModeling/m_23463903/Sp_swd.csv
environmentallayers: BankVole/models/BankVoleFirstModeling/m_23463903/Back_swd.csv
warnings: false
tooltips: false
askoverwrite: false
threshold: true
addsamplestobackground: false
autorun: true
visible: false

getSamples: max memory 477626368, total allocated 247463936, free 218858224, used 28605712, increment 0
BankVole_AllData_RUN3: 
Regularization values: linear/quadratic/product: 0.050, categorical: 0.250, threshold: 1.000, hinge: 0.500
390 samples
Density: max memory 477626368, total allocated 247463936, free 216257760, used 31206176, increment 2600464
linearPredictor: max memory 477626368, total allocated 247463936, free 216257760, used 31206176, increment 0
FeaturedSpace: max memory 477626368, total allocated 247463936, free 216257760, used 31206176, increment 0
Sequential: max memory 477626368, total allocated 247463936, free 216257760, used 31206176, increment 0
Initial loss: 5.971261839790462
500: time = 0.585000 loss = -0.919850
Resulting gain: 6.891111392984171
Time since start: 1.267
Projecting...
Writing file BankVole\models\BankVoleFirstModeling\BankVole_AllData_RUN3_MAXENT.Phillips_outputs\BankVole_AllData_RUN3.csv
Projecting...
Reading file Pred_swd.csv
readGrid: max memory 477626368, total allocated 312475648, free 296085648, used 16390000, increment -14816176
Writing file BankVole\models\BankVoleFirstModeling\BankVole_AllData_RUN3_MAXENT.Phillips_outputs\BankVole_AllData_RUN3_Pred_swd.csv
Writing file BankVole\models\BankVoleFirstModeling\BankVole_AllData_RUN3_MAXENT.Phillips_outputs\BankVole_AllData_RUN3_Pred_swd_clamping.csv
Ending
